1589391973078	geckodriver	INFO	geckodriver 0.19.1
1589391973086	geckodriver	INFO	Listening on 127.0.0.1:52621
1589391974516	mozrunner::runner	INFO	Running command: "/usr/bin/firefox" "-marionette" "-headless" "-profile" "/tmp/rust_mozprofile.Fy1z4Y7lNajG"
*** You are running in headless mode.
1589391985964	addons.webextension.doh-rollout@mozilla.org	WARN	Loading extension 'doh-rollout@mozilla.org': Reading manifest: Invalid extension permission: networkStatus
1589391988599	addons.webextension.screenshots@mozilla.org	WARN	Loading extension 'screenshots@mozilla.org': Reading manifest: Invalid extension permission: mozillaAddons
1589391988599	addons.webextension.screenshots@mozilla.org	WARN	Loading extension 'screenshots@mozilla.org': Reading manifest: Invalid extension permission: telemetry
1589391988600	addons.webextension.screenshots@mozilla.org	WARN	Loading extension 'screenshots@mozilla.org': Reading manifest: Invalid extension permission: resource://pdf.js/
1589391988600	addons.webextension.screenshots@mozilla.org	WARN	Loading extension 'screenshots@mozilla.org': Reading manifest: Invalid extension permission: about:reader*
1589391989031	Marionette	TRACE	Received observer notification profile-after-change
1589391991126	Marionette	TRACE	Received observer notification command-line-startup
1589391991127	Marionette	DEBUG	Init aborted (running=false, enabled=true, finalUIStartup=false)
1589391992601	Marionette	TRACE	Received observer notification toplevel-window-ready
Exiting due to channel error.
[Parent 4114, Gecko_IOThread] WARNING: FileDescriptorSet destroyed with unconsumed descriptors: file /build/firefox-OCZtmd/firefox-74.0.1+build1/ipc/chromium/src/chrome/common/file_descriptor_set_posix.cc, line 23

###!!! [Parent][MessageChannel] Error: (msgtype=0x370076,name=PContent::Msg_RegisterBrowsingContextGroup) Channel error: cannot send/recv


###!!! [Parent][MessageChannel] Error: (msgtype=0x370002,name=PContent::Msg_ConstructBrowser) Channel error: cannot send/recv


###!!! [Parent][MessageChannel] Error: (msgtype=0x37012F,name=PContent::Msg_CommitBrowsingContextTransaction) Channel error: cannot send/recv


###!!! [Parent][MessageChannel] Error: (msgtype=0x1E00A0,name=PBrowser::Msg_SetUseGlobalHistory) Channel error: cannot send/recv


###!!! [Parent][MessageChannel] Error: (msgtype=0x37012F,name=PContent::Msg_CommitBrowsingContextTransaction) Channel error: cannot send/recv


###!!! [Parent][MessageChannel] Error: (msgtype=0x1E006F,name=PBrowser::Msg_InitRendering) Channel error: cannot send/recv


###!!! [Parent][MessageChannel] Error: (msgtype=0x1E0095,name=PBrowser::Msg_LoadRemoteScript) Channel error: cannot send/recv


###!!! [Parent][MessageChannel] Error: (msgtype=0x1E0095,name=PBrowser::Msg_LoadRemoteScript) Channel error: cannot send/recv


###!!! [Parent][MessageChannel] Error: (msgtype=0x1E006D,name=PBrowser::Msg_Show) Channel error: cannot send/recv


###!!! [Parent][MessageChannel] Error: (msgtype=0x1E0071,name=PBrowser::Msg_LoadURL) Channel error: cannot send/recv


###!!! [Parent][MessageChannel] Error: (msgtype=0x1E0095,name=PBrowser::Msg_LoadRemoteScript) Channel error: cannot send/recv


###!!! [Parent][MessageChannel] Error: (msgtype=0x370076,name=PContent::Msg_RegisterBrowsingContextGroup) Channel error: cannot send/recv


###!!! [Parent][MessageChannel] Error: (msgtype=0x370002,name=PContent::Msg_ConstructBrowser) Channel error: cannot send/recv


###!!! [Parent][MessageChannel] Error: (msgtype=0x37012F,name=PContent::Msg_CommitBrowsingContextTransaction) Channel error: cannot send/recv


###!!! [Parent][MessageChannel] Error: (msgtype=0x1E00A0,name=PBrowser::Msg_SetUseGlobalHistory) Channel error: cannot send/recv


###!!! [Parent][MessageChannel] Error: (msgtype=0x37012F,name=PContent::Msg_CommitBrowsingContextTransaction) Channel error: cannot send/recv


###!!! [Parent][MessageChannel] Error: (msgtype=0x1E006F,name=PBrowser::Msg_InitRendering) Channel error: cannot send/recv


###!!! [Parent][MessageChannel] Error: (msgtype=0x1E0095,name=PBrowser::Msg_LoadRemoteScript) Channel error: cannot send/recv


###!!! [Parent][MessageChannel] Error: (msgtype=0x1E0095,name=PBrowser::Msg_LoadRemoteScript) Channel error: cannot send/recv


###!!! [Parent][MessageChannel] Error: (msgtype=0x1E006D,name=PBrowser::Msg_Show) Channel error: cannot send/recv


###!!! [Parent][MessageChannel] Error: (msgtype=0x1E0071,name=PBrowser::Msg_LoadURL) Channel error: cannot send/recv


###!!! [Parent][MessageChannel] Error: (msgtype=0x1E0095,name=PBrowser::Msg_LoadRemoteScript) Channel error: cannot send/recv


###!!! [Parent][MessageChannel] Error: (msgtype=0x370076,name=PContent::Msg_RegisterBrowsingContextGroup) Channel error: cannot send/recv


###!!! [Parent][MessageChannel] Error: (msgtype=0x370002,name=PContent::Msg_ConstructBrowser) Channel error: cannot send/recv


###!!! [Parent][MessageChannel] Error: (msgtype=0x37012F,name=PContent::Msg_CommitBrowsingContextTransaction) Channel error: cannot send/recv


###!!! [Parent][MessageChannel] Error: (msgtype=0x1E00A0,name=PBrowser::Msg_SetUseGlobalHistory) Channel error: cannot send/recv


###!!! [Parent][MessageChannel] Error: (msgtype=0x37012F,name=PContent::Msg_CommitBrowsingContextTransaction) Channel error: cannot send/recv


###!!! [Parent][MessageChannel] Error: (msgtype=0x1E006F,name=PBrowser::Msg_InitRendering) Channel error: cannot send/recv


###!!! [Parent][MessageChannel] Error: (msgtype=0x1E0095,name=PBrowser::Msg_LoadRemoteScript) Channel error: cannot send/recv


###!!! [Parent][MessageChannel] Error: (msgtype=0x1E0095,name=PBrowser::Msg_LoadRemoteScript) Channel error: cannot send/recv


###!!! [Parent][MessageChannel] Error: (msgtype=0x1E006D,name=PBrowser::Msg_Show) Channel error: cannot send/recv


###!!! [Parent][MessageChannel] Error: (msgtype=0x1E0071,name=PBrowser::Msg_LoadURL) Channel error: cannot send/recv


###!!! [Parent][MessageChannel] Error: (msgtype=0x1E0095,name=PBrowser::Msg_LoadRemoteScript) Channel error: cannot send/recv


###!!! [Parent][MessageChannel] Error: (msgtype=0x370076,name=PContent::Msg_RegisterBrowsingContextGroup) Channel error: cannot send/recv


###!!! [Parent][MessageChannel] Error: (msgtype=0x370002,name=PContent::Msg_ConstructBrowser) Channel error: cannot send/recv


###!!! [Parent][MessageChannel] Error: (msgtype=0x37012F,name=PContent::Msg_CommitBrowsingContextTransaction) Channel error: cannot send/recv


###!!! [Parent][MessageChannel] Error: (msgtype=0x1E00A0,name=PBrowser::Msg_SetUseGlobalHistory) Channel error: cannot send/recv


###!!! [Parent][MessageChannel] Error: (msgtype=0x37012F,name=PContent::Msg_CommitBrowsingContextTransaction) Channel error: cannot send/recv


###!!! [Parent][MessageChannel] Error: (msgtype=0x1E006F,name=PBrowser::Msg_InitRendering) Channel error: cannot send/recv


###!!! [Parent][MessageChannel] Error: (msgtype=0x1E0095,name=PBrowser::Msg_LoadRemoteScript) Channel error: cannot send/recv


###!!! [Parent][MessageChannel] Error: (msgtype=0x1E0095,name=PBrowser::Msg_LoadRemoteScript) Channel error: cannot send/recv


###!!! [Parent][MessageChannel] Error: (msgtype=0x1E006D,name=PBrowser::Msg_Show) Channel error: cannot send/recv


###!!! [Parent][MessageChannel] Error: (msgtype=0x1E0071,name=PBrowser::Msg_LoadURL) Channel error: cannot send/recv


###!!! [Parent][MessageChannel] Error: (msgtype=0x1E0095,name=PBrowser::Msg_LoadRemoteScript) Channel error: cannot send/recv


###!!! [Parent][MessageChannel] Error: (msgtype=0x1E0095,name=PBrowser::Msg_LoadRemoteScript) Channel error: cannot send/recv


###!!! [Parent][MessageChannel] Error: (msgtype=0x1E0001,name=PBrowser::Msg_AsyncMessage) Channel error: cannot send/recv


###!!! [Parent][MessageChannel] Error: (msgtype=0x370079,name=PContent::Msg_LoadURI) Channel error: cannot send/recv


###!!! [Parent][MessageChannel] Error: (msgtype=0x1E0095,name=PBrowser::Msg_LoadRemoteScript) Channel error: cannot send/recv


###!!! [Parent][MessageChannel] Error: (msgtype=0x1E0001,name=PBrowser::Msg_AsyncMessage) Channel error: cannot send/recv


###!!! [Parent][MessageChannel] Error: (msgtype=0x370079,name=PContent::Msg_LoadURI) Channel error: cannot send/recv


###!!! [Parent][MessageChannel] Error: (msgtype=0x1E0095,name=PBrowser::Msg_LoadRemoteScript) Channel error: cannot send/recv


###!!! [Parent][MessageChannel] Error: (msgtype=0x1E0001,name=PBrowser::Msg_AsyncMessage) Channel error: cannot send/recv


###!!! [Parent][MessageChannel] Error: (msgtype=0x370079,name=PContent::Msg_LoadURI) Channel error: cannot send/recv


###!!! [Parent][MessageChannel] Error: (msgtype=0x1E0095,name=PBrowser::Msg_LoadRemoteScript) Channel error: cannot send/recv


###!!! [Parent][MessageChannel] Error: (msgtype=0x1E0001,name=PBrowser::Msg_AsyncMessage) Channel error: cannot send/recv


###!!! [Parent][MessageChannel] Error: (msgtype=0x370079,name=PContent::Msg_LoadURI) Channel error: cannot send/recv


###!!! [Parent][MessageChannel] Error: (msgtype=0x1E0073,name=PBrowser::Msg_UpdateDimensions) Channel error: cannot send/recv


###!!! [Parent][MessageChannel] Error: (msgtype=0x1E0073,name=PBrowser::Msg_UpdateDimensions) Channel error: cannot send/recv


###!!! [Parent][MessageChannel] Error: (msgtype=0x1E0073,name=PBrowser::Msg_UpdateDimensions) Channel error: cannot send/recv


###!!! [Parent][MessageChannel] Error: (msgtype=0x1E0073,name=PBrowser::Msg_UpdateDimensions) Channel error: cannot send/recv


###!!! [Parent][RunMessage] Error: Channel error: cannot send/recv


###!!! [Parent][RunMessage] Error: Channel error: cannot send/recv


###!!! [Parent][RunMessage] Error: Channel error: cannot send/recv

[Parent 4114, Main Thread] WARNING: FileDescriptorSet destroyed with unconsumed descriptors: file /build/firefox-OCZtmd/firefox-74.0.1+build1/ipc/chromium/src/chrome/common/file_descriptor_set_posix.cc, line 23
Extension error: extension.persistentListeners is undefined resource://gre/modules/ExtensionCommon.jsm:2359 :: clearPrimedListeners@resource://gre/modules/ExtensionCommon.jsm:2359:39
build@chrome://extensions/content/parent/ext-backgroundPage.js:73:20

Extension error: extension.persistentListeners is undefined resource://gre/modules/ExtensionCommon.jsm:2359 :: clearPrimedListeners@resource://gre/modules/ExtensionCommon.jsm:2359:39
build@chrome://extensions/content/parent/ext-backgroundPage.js:73:20

Extension error: extension.persistentListeners is undefined resource://gre/modules/ExtensionCommon.jsm:2359 :: clearPrimedListeners@resource://gre/modules/ExtensionCommon.jsm:2359:39
build@chrome://extensions/content/parent/ext-backgroundPage.js:73:20

Extension error: extension.persistentListeners is undefined resource://gre/modules/ExtensionCommon.jsm:2359 :: clearPrimedListeners@resource://gre/modules/ExtensionCommon.jsm:2359:39
build@chrome://extensions/content/parent/ext-backgroundPage.js:73:20

1589391997878	addons.xpi	WARN	Exception running bootstrap method startup on webcompat@mozilla.org: TypeError: extension.persistentListeners is undefined(resource://gre/modules/ExtensionCommon.jsm:2359:39) JS Stack trace: clearPrimedListeners@ExtensionCommon.jsm:2359:39
build@ext-backgroundPage.js:73:20
1589391997880	addons.xpi	WARN	Exception running bootstrap method startup on formautofill@mozilla.org: TypeError: extension.persistentListeners is undefined(resource://gre/modules/ExtensionCommon.jsm:2359:39) JS Stack trace: clearPrimedListeners@ExtensionCommon.jsm:2359:39
build@ext-backgroundPage.js:73:20
1589391997882	addons.xpi	WARN	Exception running bootstrap method startup on doh-rollout@mozilla.org: TypeError: extension.persistentListeners is undefined(resource://gre/modules/ExtensionCommon.jsm:2359:39) JS Stack trace: clearPrimedListeners@ExtensionCommon.jsm:2359:39
build@ext-backgroundPage.js:73:20
1589391997882	addons.xpi	WARN	Exception running bootstrap method startup on screenshots@mozilla.org: TypeError: extension.persistentListeners is undefined(resource://gre/modules/ExtensionCommon.jsm:2359:39) JS Stack trace: clearPrimedListeners@ExtensionCommon.jsm:2359:39
build@ext-backgroundPage.js:73:20
Exiting due to channel error.
[Parent 4114, Gecko_IOThread] WARNING: FileDescriptorSet destroyed with unconsumed descriptors: file /build/firefox-OCZtmd/firefox-74.0.1+build1/ipc/chromium/src/chrome/common/file_descriptor_set_posix.cc, line 23

###!!! [Parent][MessageChannel] Error: (msgtype=0x1E006F,name=PBrowser::Msg_InitRendering) Channel error: cannot send/recv


###!!! [Parent][MessageChannel] Error: (msgtype=0x1E0095,name=PBrowser::Msg_LoadRemoteScript) Channel error: cannot send/recv


###!!! [Parent][MessageChannel] Error: (msgtype=0x1E0095,name=PBrowser::Msg_LoadRemoteScript) Channel error: cannot send/recv


###!!! [Parent][MessageChannel] Error: (msgtype=0x1E006D,name=PBrowser::Msg_Show) Channel error: cannot send/recv


###!!! [Parent][MessageChannel] Error: (msgtype=0x1E0095,name=PBrowser::Msg_LoadRemoteScript) Channel error: cannot send/recv


###!!! [Parent][MessageChannel] Error: (msgtype=0x1E0097,name=PBrowser::Msg_SetDocShellIsActive) Channel error: cannot send/recv


###!!! [Parent][MessageChannel] Error: (msgtype=0x1E0073,name=PBrowser::Msg_UpdateDimensions) Channel error: cannot send/recv

Exiting due to channel error.
[Parent 4114, Gecko_IOThread] WARNING: FileDescriptorSet destroyed with unconsumed descriptors: file /build/firefox-OCZtmd/firefox-74.0.1+build1/ipc/chromium/src/chrome/common/file_descriptor_set_posix.cc, line 23
A content process crashed and MOZ_CRASHREPORTER_SHUTDOWN is set, shutting down
JavaScript error: chrome://browser/content/browser.js, line 8112: TypeError: browser.messageManager is null
WARNING: A blocker encountered an error while we were waiting.
          Blocker:  SessionStore: flushing all windows
          Phase: quit-application-granted
          State: {"total":-1,"current":-1}
WARNING: TypeError: mm is null
WARNING: flush@resource:///modules/sessionstore/TabStateFlusher.jsm:97:5
flushWindow@resource:///modules/sessionstore/TabStateFlusher.jsm:127:28
flushWindow@resource:///modules/sessionstore/TabStateFlusher.jsm:31:36
flushAllWindowsAsync@resource:///modules/sessionstore/SessionStore.jsm:1905:50
ssi_onQuitApplicationGranted/<@resource:///modules/sessionstore/SessionStore.jsm:1829:32
trigger@resource://gre/modules/AsyncShutdown.jsm:725:23
_wait@resource://gre/modules/AsyncShutdown.jsm:877:15
wait@resource://gre/modules/AsyncShutdown.jsm:858:34
observe@resource://gre/modules/AsyncShutdown.jsm:533:10
observe@resource:///modules/ContentCrashHandlers.jsm:177:28

JavaScript error: resource:///modules/sessionstore/TabStateFlusher.jsm, line 97: TypeError: mm is null
JavaScript error: resource://gre/modules/AsyncShutdown.jsm, line 551: uncaught exception: 2147500037
JavaScript error: resource://gre/modules/SearchService.jsm, line 713: NS_ERROR_FAILURE: SearchService previously failed to initialize
1589392021066	geckodriver	INFO	geckodriver 0.19.1
1589392021074	geckodriver	INFO	Listening on 127.0.0.1:52997
1589392023069	mozrunner::runner	INFO	Running command: "/usr/bin/firefox" "-marionette" "-headless" "-profile" "/tmp/rust_mozprofile.7vlV7u2Eo4Y4"
*** You are running in headless mode.
1589392025845	addons.webextension.doh-rollout@mozilla.org	WARN	Loading extension 'doh-rollout@mozilla.org': Reading manifest: Invalid extension permission: networkStatus
1589392030237	addons.webextension.screenshots@mozilla.org	WARN	Loading extension 'screenshots@mozilla.org': Reading manifest: Invalid extension permission: mozillaAddons
1589392030238	addons.webextension.screenshots@mozilla.org	WARN	Loading extension 'screenshots@mozilla.org': Reading manifest: Invalid extension permission: telemetry
1589392030238	addons.webextension.screenshots@mozilla.org	WARN	Loading extension 'screenshots@mozilla.org': Reading manifest: Invalid extension permission: resource://pdf.js/
1589392030238	addons.webextension.screenshots@mozilla.org	WARN	Loading extension 'screenshots@mozilla.org': Reading manifest: Invalid extension permission: about:reader*
1589392030780	Marionette	TRACE	Received observer notification profile-after-change
1589392031349	Marionette	TRACE	Received observer notification command-line-startup
1589392031350	Marionette	DEBUG	Init aborted (running=false, enabled=true, finalUIStartup=false)
1589392031716	Marionette	TRACE	Received observer notification toplevel-window-ready
Exiting due to channel error.
[Parent 4436, Gecko_IOThread] WARNING: FileDescriptorSet destroyed with unconsumed descriptors: file /build/firefox-OCZtmd/firefox-74.0.1+build1/ipc/chromium/src/chrome/common/file_descriptor_set_posix.cc, line 23

###!!! [Parent][MessageChannel] Error: (msgtype=0x1E006F,name=PBrowser::Msg_InitRendering) Channel error: cannot send/recv


###!!! [Parent][MessageChannel] Error: (msgtype=0x1E0095,name=PBrowser::Msg_LoadRemoteScript) Channel error: cannot send/recv


###!!! [Parent][MessageChannel] Error: (msgtype=0x1E0095,name=PBrowser::Msg_LoadRemoteScript) Channel error: cannot send/recv


###!!! [Parent][MessageChannel] Error: (msgtype=0x1E006D,name=PBrowser::Msg_Show) Channel error: cannot send/recv


###!!! [Parent][MessageChannel] Error: (msgtype=0x1E0071,name=PBrowser::Msg_LoadURL) Channel error: cannot send/recv


###!!! [Parent][MessageChannel] Error: (msgtype=0x1E0095,name=PBrowser::Msg_LoadRemoteScript) Channel error: cannot send/recv


###!!! [Parent][MessageChannel] Error: (msgtype=0x370076,name=PContent::Msg_RegisterBrowsingContextGroup) Channel error: cannot send/recv


###!!! [Parent][MessageChannel] Error: (msgtype=0x370002,name=PContent::Msg_ConstructBrowser) Channel error: cannot send/recv


###!!! [Parent][MessageChannel] Error: (msgtype=0x37012F,name=PContent::Msg_CommitBrowsingContextTransaction) Channel error: cannot send/recv


###!!! [Parent][MessageChannel] Error: (msgtype=0x1E00A0,name=PBrowser::Msg_SetUseGlobalHistory) Channel error: cannot send/recv


###!!! [Parent][MessageChannel] Error: (msgtype=0x37012F,name=PContent::Msg_CommitBrowsingContextTransaction) Channel error: cannot send/recv


###!!! [Parent][MessageChannel] Error: (msgtype=0x1E006F,name=PBrowser::Msg_InitRendering) Channel error: cannot send/recv


###!!! [Parent][MessageChannel] Error: (msgtype=0x1E0095,name=PBrowser::Msg_LoadRemoteScript) Channel error: cannot send/recv


###!!! [Parent][MessageChannel] Error: (msgtype=0x1E0095,name=PBrowser::Msg_LoadRemoteScript) Channel error: cannot send/recv


###!!! [Parent][MessageChannel] Error: (msgtype=0x1E006D,name=PBrowser::Msg_Show) Channel error: cannot send/recv


###!!! [Parent][MessageChannel] Error: (msgtype=0x1E0071,name=PBrowser::Msg_LoadURL) Channel error: cannot send/recv


###!!! [Parent][MessageChannel] Error: (msgtype=0x1E0095,name=PBrowser::Msg_LoadRemoteScript) Channel error: cannot send/recv


###!!! [Parent][MessageChannel] Error: (msgtype=0x370076,name=PContent::Msg_RegisterBrowsingContextGroup) Channel error: cannot send/recv


###!!! [Parent][MessageChannel] Error: (msgtype=0x370002,name=PContent::Msg_ConstructBrowser) Channel error: cannot send/recv


###!!! [Parent][MessageChannel] Error: (msgtype=0x37012F,name=PContent::Msg_CommitBrowsingContextTransaction) Channel error: cannot send/recv


###!!! [Parent][MessageChannel] Error: (msgtype=0x1E00A0,name=PBrowser::Msg_SetUseGlobalHistory) Channel error: cannot send/recv


###!!! [Parent][MessageChannel] Error: (msgtype=0x37012F,name=PContent::Msg_CommitBrowsingContextTransaction) Channel error: cannot send/recv


###!!! [Parent][MessageChannel] Error: (msgtype=0x1E006F,name=PBrowser::Msg_InitRendering) Channel error: cannot send/recv


###!!! [Parent][MessageChannel] Error: (msgtype=0x1E0095,name=PBrowser::Msg_LoadRemoteScript) Channel error: cannot send/recv


###!!! [Parent][MessageChannel] Error: (msgtype=0x1E0095,name=PBrowser::Msg_LoadRemoteScript) Channel error: cannot send/recv


###!!! [Parent][MessageChannel] Error: (msgtype=0x1E006D,name=PBrowser::Msg_Show) Channel error: cannot send/recv


###!!! [Parent][MessageChannel] Error: (msgtype=0x1E0071,name=PBrowser::Msg_LoadURL) Channel error: cannot send/recv


###!!! [Parent][MessageChannel] Error: (msgtype=0x1E0095,name=PBrowser::Msg_LoadRemoteScript) Channel error: cannot send/recv


###!!! [Parent][MessageChannel] Error: (msgtype=0x370076,name=PContent::Msg_RegisterBrowsingContextGroup) Channel error: cannot send/recv


###!!! [Parent][MessageChannel] Error: (msgtype=0x370002,name=PContent::Msg_ConstructBrowser) Channel error: cannot send/recv


###!!! [Parent][MessageChannel] Error: (msgtype=0x37012F,name=PContent::Msg_CommitBrowsingContextTransaction) Channel error: cannot send/recv


###!!! [Parent][MessageChannel] Error: (msgtype=0x1E00A0,name=PBrowser::Msg_SetUseGlobalHistory) Channel error: cannot send/recv


###!!! [Parent][MessageChannel] Error: (msgtype=0x37012F,name=PContent::Msg_CommitBrowsingContextTransaction) Channel error: cannot send/recv


###!!! [Parent][MessageChannel] Error: (msgtype=0x1E006F,name=PBrowser::Msg_InitRendering) Channel error: cannot send/recv


###!!! [Parent][MessageChannel] Error: (msgtype=0x1E0095,name=PBrowser::Msg_LoadRemoteScript) Channel error: cannot send/recv


###!!! [Parent][MessageChannel] Error: (msgtype=0x1E0095,name=PBrowser::Msg_LoadRemoteScript) Channel error: cannot send/recv


###!!! [Parent][MessageChannel] Error: (msgtype=0x1E006D,name=PBrowser::Msg_Show) Channel error: cannot send/recv


###!!! [Parent][MessageChannel] Error: (msgtype=0x1E0071,name=PBrowser::Msg_LoadURL) Channel error: cannot send/recv


###!!! [Parent][MessageChannel] Error: (msgtype=0x1E0095,name=PBrowser::Msg_LoadRemoteScript) Channel error: cannot send/recv


###!!! [Parent][MessageChannel] Error: (msgtype=0x1E0095,name=PBrowser::Msg_LoadRemoteScript) Channel error: cannot send/recv


###!!! [Parent][MessageChannel] Error: (msgtype=0x1E0001,name=PBrowser::Msg_AsyncMessage) Channel error: cannot send/recv


###!!! [Parent][MessageChannel] Error: (msgtype=0x370079,name=PContent::Msg_LoadURI) Channel error: cannot send/recv


###!!! [Parent][MessageChannel] Error: (msgtype=0x1E0095,name=PBrowser::Msg_LoadRemoteScript) Channel error: cannot send/recv


###!!! [Parent][MessageChannel] Error: (msgtype=0x1E0001,name=PBrowser::Msg_AsyncMessage) Channel error: cannot send/recv


###!!! [Parent][MessageChannel] Error: (msgtype=0x370079,name=PContent::Msg_LoadURI) Channel error: cannot send/recv


###!!! [Parent][MessageChannel] Error: (msgtype=0x1E0095,name=PBrowser::Msg_LoadRemoteScript) Channel error: cannot send/recv


###!!! [Parent][MessageChannel] Error: (msgtype=0x1E0001,name=PBrowser::Msg_AsyncMessage) Channel error: cannot send/recv


###!!! [Parent][MessageChannel] Error: (msgtype=0x370079,name=PContent::Msg_LoadURI) Channel error: cannot send/recv


###!!! [Parent][MessageChannel] Error: (msgtype=0x1E0095,name=PBrowser::Msg_LoadRemoteScript) Channel error: cannot send/recv


###!!! [Parent][MessageChannel] Error: (msgtype=0x1E0001,name=PBrowser::Msg_AsyncMessage) Channel error: cannot send/recv


###!!! [Parent][MessageChannel] Error: (msgtype=0x370079,name=PContent::Msg_LoadURI) Channel error: cannot send/recv


###!!! [Parent][MessageChannel] Error: (msgtype=0x1E0073,name=PBrowser::Msg_UpdateDimensions) Channel error: cannot send/recv


###!!! [Parent][MessageChannel] Error: (msgtype=0x1E0073,name=PBrowser::Msg_UpdateDimensions) Channel error: cannot send/recv


###!!! [Parent][MessageChannel] Error: (msgtype=0x1E0073,name=PBrowser::Msg_UpdateDimensions) Channel error: cannot send/recv


###!!! [Parent][MessageChannel] Error: (msgtype=0x1E0073,name=PBrowser::Msg_UpdateDimensions) Channel error: cannot send/recv


###!!! [Parent][MessageChannel] Error: (msgtype=0x370022,name=PContent::Msg_PreferenceUpdate) Channel error: cannot send/recv


###!!! [Parent][MessageChannel] Error: (msgtype=0x370034,name=PContent::Msg_UpdateSharedData) Channel error: cannot send/recv

[Parent 4436, Main Thread] WARNING: FileDescriptorSet destroyed with unconsumed descriptors: file /build/firefox-OCZtmd/firefox-74.0.1+build1/ipc/chromium/src/chrome/common/file_descriptor_set_posix.cc, line 23
Exiting due to channel error.

###!!! [Parent][MessageChannel] Error: (msgtype=0x37005A,name=PContent::Msg_GMPsChanged) Channel error: cannot send/recv

[Parent 4436, Gecko_IOThread] WARNING: FileDescriptorSet destroyed with unconsumed descriptors: file /build/firefox-OCZtmd/firefox-74.0.1+build1/ipc/chromium/src/chrome/common/file_descriptor_set_posix.cc, line 23

###!!! [Parent][MessageChannel] Error: (msgtype=0x1E006F,name=PBrowser::Msg_InitRendering) Channel error: cannot send/recv


###!!! [Parent][MessageChannel] Error: (msgtype=0x1E0095,name=PBrowser::Msg_LoadRemoteScript) Channel error: cannot send/recv


###!!! [Parent][MessageChannel] Error: (msgtype=0x1E0095,name=PBrowser::Msg_LoadRemoteScript) Channel error: cannot send/recv


###!!! [Parent][MessageChannel] Error: (msgtype=0x1E006D,name=PBrowser::Msg_Show) Channel error: cannot send/recv


###!!! [Parent][MessageChannel] Error: (msgtype=0x1E0095,name=PBrowser::Msg_LoadRemoteScript) Channel error: cannot send/recv


###!!! [Parent][MessageChannel] Error: (msgtype=0x1E0097,name=PBrowser::Msg_SetDocShellIsActive) Channel error: cannot send/recv


###!!! [Parent][MessageChannel] Error: (msgtype=0x1E0073,name=PBrowser::Msg_UpdateDimensions) Channel error: cannot send/recv


###!!! [Parent][MessageChannel] Error: (msgtype=0x370064,name=PContent::Msg_SetPluginList) Channel error: cannot send/recv


###!!! [Parent][MessageChannel] Error: (msgtype=0x370064,name=PContent::Msg_SetPluginList) Channel error: cannot send/recv

Extension error: extension.persistentListeners is undefined resource://gre/modules/ExtensionCommon.jsm:2359 :: clearPrimedListeners@resource://gre/modules/ExtensionCommon.jsm:2359:39
build@chrome://extensions/content/parent/ext-backgroundPage.js:73:20


###!!! [Parent][MessageChannel] Error: (msgtype=0x37001C,name=PContent::Msg_RegisterChromeItem) Channel error: cannot send/recv

Extension error: extension.persistentListeners is undefined resource://gre/modules/ExtensionCommon.jsm:2359 :: clearPrimedListeners@resource://gre/modules/ExtensionCommon.jsm:2359:39
build@chrome://extensions/content/parent/ext-backgroundPage.js:73:20


###!!! [Parent][MessageChannel] Error: (msgtype=0x37001C,name=PContent::Msg_RegisterChromeItem) Channel error: cannot send/recv

Extension error: extension.persistentListeners is undefined resource://gre/modules/ExtensionCommon.jsm:2359 :: clearPrimedListeners@resource://gre/modules/ExtensionCommon.jsm:2359:39
build@chrome://extensions/content/parent/ext-backgroundPage.js:73:20


###!!! [Parent][MessageChannel] Error: (msgtype=0x37001C,name=PContent::Msg_RegisterChromeItem) Channel error: cannot send/recv

Extension error: extension.persistentListeners is undefined resource://gre/modules/ExtensionCommon.jsm:2359 :: clearPrimedListeners@resource://gre/modules/ExtensionCommon.jsm:2359:39
build@chrome://extensions/content/parent/ext-backgroundPage.js:73:20


###!!! [Parent][MessageChannel] Error: (msgtype=0x37001C,name=PContent::Msg_RegisterChromeItem) Channel error: cannot send/recv

1589392035233	addons.xpi	WARN	Exception running bootstrap method startup on screenshots@mozilla.org: TypeError: extension.persistentListeners is undefined(resource://gre/modules/ExtensionCommon.jsm:2359:39) JS Stack trace: clearPrimedListeners@ExtensionCommon.jsm:2359:39
build@ext-backgroundPage.js:73:20
1589392035235	addons.xpi	WARN	Exception running bootstrap method startup on webcompat@mozilla.org: TypeError: extension.persistentListeners is undefined(resource://gre/modules/ExtensionCommon.jsm:2359:39) JS Stack trace: clearPrimedListeners@ExtensionCommon.jsm:2359:39
build@ext-backgroundPage.js:73:20
1589392035235	addons.xpi	WARN	Exception running bootstrap method startup on doh-rollout@mozilla.org: TypeError: extension.persistentListeners is undefined(resource://gre/modules/ExtensionCommon.jsm:2359:39) JS Stack trace: clearPrimedListeners@ExtensionCommon.jsm:2359:39
build@ext-backgroundPage.js:73:20
1589392035236	addons.xpi	WARN	Exception running bootstrap method startup on formautofill@mozilla.org: TypeError: extension.persistentListeners is undefined(resource://gre/modules/ExtensionCommon.jsm:2359:39) JS Stack trace: clearPrimedListeners@ExtensionCommon.jsm:2359:39
build@ext-backgroundPage.js:73:20

###!!! [Parent][MessageChannel] Error: (msgtype=0x370022,name=PContent::Msg_PreferenceUpdate) Channel error: cannot send/recv

Exiting due to channel error.
[Parent 4436, Gecko_IOThread] WARNING: FileDescriptorSet destroyed with unconsumed descriptors: file /build/firefox-OCZtmd/firefox-74.0.1+build1/ipc/chromium/src/chrome/common/file_descriptor_set_posix.cc, line 23
A content process crashed and MOZ_CRASHREPORTER_SHUTDOWN is set, shutting down
JavaScript error: chrome://browser/content/browser.js, line 8112: TypeError: browser.messageManager is null
JavaScript error: resource://activity-stream/lib/ActivityStreamPrefs.jsm, line 27: NS_ERROR_ILLEGAL_VALUE: Component returned failure code: 0x80070057 (NS_ERROR_ILLEGAL_VALUE) [nsIPrefBranch.removeObserver]
WARNING: A blocker encountered an error while we were waiting.
          Blocker:  SessionStore: flushing all windows
          Phase: quit-application-granted
          State: {"total":-1,"current":-1}
WARNING: TypeError: mm is null
WARNING: flush@resource:///modules/sessionstore/TabStateFlusher.jsm:97:5
flushWindow@resource:///modules/sessionstore/TabStateFlusher.jsm:127:28
flushWindow@resource:///modules/sessionstore/TabStateFlusher.jsm:31:36
flushAllWindowsAsync@resource:///modules/sessionstore/SessionStore.jsm:1905:50
ssi_onQuitApplicationGranted/<@resource:///modules/sessionstore/SessionStore.jsm:1829:32
trigger@resource://gre/modules/AsyncShutdown.jsm:725:23
_wait@resource://gre/modules/AsyncShutdown.jsm:877:15
wait@resource://gre/modules/AsyncShutdown.jsm:858:34
observe@resource://gre/modules/AsyncShutdown.jsm:533:10
observe@resource:///modules/ContentCrashHandlers.jsm:177:28

JavaScript error: resource:///modules/sessionstore/TabStateFlusher.jsm, line 97: TypeError: mm is null
1589392038060	addons.xpi-utils	WARN	Error: XPI database modified after shutdown began(resource://gre/modules/addons/XPIDatabase.jsm:1540:17) JS Stack trace: saveChanges@XPIDatabase.jsm:1540:17
makeAddonVisible@XPIDatabase.jsm:2347:10
addToDatabase@XPIDatabase.jsm:2274:12
install@XPIInstall.jsm:4343:27
_activateAddon@XPIInstall.jsm:4370:7
1589392038063	addons.xpi-utils	WARN	Error: XPI database modified after shutdown began(resource://gre/modules/addons/XPIDatabase.jsm:1540:17) JS Stack trace: saveChanges@XPIDatabase.jsm:1540:17
addToDatabase@XPIDatabase.jsm:2277:10
install@XPIInstall.jsm:4343:27
_activateAddon@XPIInstall.jsm:4370:7
JavaScript error: resource://gre/modules/DeferredTask.jsm, line 215: Error: Unable to arm timer, the object has been finalized.
JavaScript error: , line 0: uncaught exception: 2147500037
JavaScript error: resource://gre/modules/SearchService.jsm, line 713: NS_ERROR_FAILURE: SearchService previously failed to initialize
JavaScript error: , line 0: uncaught exception: 2147500037
JavaScript error: , line 0: uncaught exception: 2147500037

###!!! [Parent][DispatchAsyncMessage] Error: PBackgroundIDBFactory::Msg_PBackgroundIDBFactoryRequestConstructor Value error: message was deserialized, but contained an illegal value


###!!! [Child][MessageChannel] Error: (msgtype=0xB70014,name=PWindowGlobal::Msg_Destroy) Channel closing: too late to send/recv, messages will be lost

